Determining if the pthread_create exist failed with the following output:
Change Dir: /home/grosinov/Dropbox/Rosinov/Algoritmos2/ejercitacion_iteradores/cmake-build-debug/CMakeFiles/CMakeTmp

Run Build Command:"/usr/bin/make" "cmTC_a4bfa/fast"
/usr/bin/make -f CMakeFiles/cmTC_a4bfa.dir/build.make CMakeFiles/cmTC_a4bfa.dir/build
make[1]: se entra en el directorio '/home/grosinov/Dropbox/Rosinov/Algoritmos2/ejercitacion_iteradores/cmake-build-debug/CMakeFiles/CMakeTmp'
Building C object CMakeFiles/cmTC_a4bfa.dir/CheckSymbolExists.c.o
/usr/bin/cc    -o CMakeFiles/cmTC_a4bfa.dir/CheckSymbolExists.c.o   -c /home/grosinov/Dropbox/Rosinov/Algoritmos2/ejercitacion_iteradores/cmake-build-debug/CMakeFiles/CMakeTmp/CheckSymbolExists.c
Linking C executable cmTC_a4bfa
/opt/clion-2019.1/bin/cmake/linux/bin/cmake -E cmake_link_script CMakeFiles/cmTC_a4bfa.dir/link.txt --verbose=1
/usr/bin/cc      -rdynamic CMakeFiles/cmTC_a4bfa.dir/CheckSymbolExists.c.o  -o cmTC_a4bfa 
CMakeFiles/cmTC_a4bfa.dir/CheckSymbolExists.c.o: En la funci√≥n `main':
CheckSymbolExists.c:(.text+0x1b): referencia a `pthread_create' sin definir
collect2: error: ld returned 1 exit status
CMakeFiles/cmTC_a4bfa.dir/build.make:86: recipe for target 'cmTC_a4bfa' failed
make[1]: *** [cmTC_a4bfa] Error 1
make[1]: se sale del directorio '/home/grosinov/Dropbox/Rosinov/Algoritmos2/ejercitacion_iteradores/cmake-build-debug/CMakeFiles/CMakeTmp'
Makefile:121: recipe for target 'cmTC_a4bfa/fast' failed
make: *** [cmTC_a4bfa/fast] Error 2

File /home/grosinov/Dropbox/Rosinov/Algoritmos2/ejercitacion_iteradores/cmake-build-debug/CMakeFiles/CMakeTmp/CheckSymbolExists.c:
/* */
#include <pthread.h>

int main(int argc, char** argv)
{
  (void)argv;
#ifndef pthread_create
  return ((int*)(&pthread_create))[argc];
#else
  (void)argc;
  return 0;
#endif
}

Determining if the function pthread_create exists in the pthreads failed with the following output:
Change Dir: /home/grosinov/Dropbox/Rosinov/Algoritmos2/ejercitacion_iteradores/cmake-build-debug/CMakeFiles/CMakeTmp

Run Build Command:"/usr/bin/make" "cmTC_66bb9/fast"
/usr/bin/make -f CMakeFiles/cmTC_66bb9.dir/build.make CMakeFiles/cmTC_66bb9.dir/build
make[1]: se entra en el directorio '/home/grosinov/Dropbox/Rosinov/Algoritmos2/ejercitacion_iteradores/cmake-build-debug/CMakeFiles/CMakeTmp'
Building C object CMakeFiles/cmTC_66bb9.dir/CheckFunctionExists.c.o
/usr/bin/cc   -DCHECK_FUNCTION_EXISTS=pthread_create   -o CMakeFiles/cmTC_66bb9.dir/CheckFunctionExists.c.o   -c /opt/clion-2019.1/bin/cmake/linux/share/cmake-3.13/Modules/CheckFunctionExists.c
Linking C executable cmTC_66bb9
/opt/clion-2019.1/bin/cmake/linux/bin/cmake -E cmake_link_script CMakeFiles/cmTC_66bb9.dir/link.txt --verbose=1
/usr/bin/cc  -DCHECK_FUNCTION_EXISTS=pthread_create    -rdynamic CMakeFiles/cmTC_66bb9.dir/CheckFunctionExists.c.o  -o cmTC_66bb9 -lpthreads 
/usr/bin/ld: no se puede encontrar -lpthreads
collect2: error: ld returned 1 exit status
CMakeFiles/cmTC_66bb9.dir/build.make:86: recipe for target 'cmTC_66bb9' failed
make[1]: *** [cmTC_66bb9] Error 1
make[1]: se sale del directorio '/home/grosinov/Dropbox/Rosinov/Algoritmos2/ejercitacion_iteradores/cmake-build-debug/CMakeFiles/CMakeTmp'
Makefile:121: recipe for target 'cmTC_66bb9/fast' failed
make: *** [cmTC_66bb9/fast] Error 2


